"2022-03-02 12:35:43 [main] INFO  c.e.demo.SpringSecurityApplication - Starting SpringSecurityApplication using Java 17.0.1 on INPNQLT251 with PID 37417 (/home/user/Documents/spring-security/target/classes started by user in /home/user/Documents/spring-security)
""2022-03-02 12:35:43 [main] DEBUG c.e.demo.SpringSecurityApplication - Running with Spring Boot v2.6.4, Spring v5.3.16
""2022-03-02 12:35:43 [main] INFO  c.e.demo.SpringSecurityApplication - No active profile set, falling back to 1 default profile: "default"
""2022-03-02 12:35:44 [main] INFO  o.s.b.w.e.tomcat.TomcatWebServer - Tomcat initialized with port(s): 8080 (http)
""2022-03-02 12:35:44 [main] INFO  o.a.catalina.core.StandardService - Starting service [Tomcat]
""2022-03-02 12:35:44 [main] INFO  o.a.catalina.core.StandardEngine - Starting Servlet engine: [Apache Tomcat/9.0.58]
""2022-03-02 12:35:44 [main] INFO  o.a.c.c.C.[Tomcat].[localhost].[/] - Initializing Spring embedded WebApplicationContext
""2022-03-02 12:35:44 [main] INFO  o.s.b.w.s.c.ServletWebServerApplicationContext - Root WebApplicationContext: initialization completed in 1197 ms
""2022-03-02 12:35:44 [main] DEBUG c.e.d.config.JwtAthenticationfilter - Filter 'jwtAthenticationfilter' configured for use
""2022-03-02 12:35:45 [main] INFO  o.s.s.web.DefaultSecurityFilterChain - Will not secure any request
""2022-03-02 12:35:45 [main] INFO  o.s.b.w.e.tomcat.TomcatWebServer - Tomcat started on port(s): 8080 (http) with context path ''
""2022-03-02 12:35:45 [main] INFO  c.e.demo.SpringSecurityApplication - Started SpringSecurityApplication in 2.35 seconds (JVM running for 2.783)
""2022-03-02 12:35:48 [http-nio-8080-exec-1] INFO  o.a.c.c.C.[Tomcat].[localhost].[/] - Initializing Spring DispatcherServlet 'dispatcherServlet'
""2022-03-02 12:35:48 [http-nio-8080-exec-1] DEBUG com.example.demo.Controller.Home - login success
""2022-03-02 12:42:22 [main] INFO  c.e.demo.SpringSecurityApplication - Starting SpringSecurityApplication using Java 17.0.1 on INPNQLT251 with PID 38384 (/home/user/Documents/spring-security/target/classes started by user in /home/user/Documents/spring-security)
""2022-03-02 12:42:22 [main] DEBUG c.e.demo.SpringSecurityApplication - Running with Spring Boot v2.6.4, Spring v5.3.16
""2022-03-02 12:42:22 [main] INFO  c.e.demo.SpringSecurityApplication - No active profile set, falling back to 1 default profile: "default"
""2022-03-02 12:42:23 [main] INFO  o.s.b.w.e.tomcat.TomcatWebServer - Tomcat initialized with port(s): 8080 (http)
""2022-03-02 12:42:23 [main] INFO  o.a.catalina.core.StandardService - Starting service [Tomcat]
""2022-03-02 12:42:23 [main] INFO  o.a.catalina.core.StandardEngine - Starting Servlet engine: [Apache Tomcat/9.0.58]
""2022-03-02 12:42:23 [main] INFO  o.a.c.c.C.[Tomcat].[localhost].[/] - Initializing Spring embedded WebApplicationContext
""2022-03-02 12:42:23 [main] INFO  o.s.b.w.s.c.ServletWebServerApplicationContext - Root WebApplicationContext: initialization completed in 1255 ms
""2022-03-02 12:42:24 [main] DEBUG c.e.d.config.JwtAthenticationfilter - Filter 'jwtAthenticationfilter' configured for use
""2022-03-02 12:42:24 [main] INFO  o.s.s.web.DefaultSecurityFilterChain - Will not secure any request
""2022-03-02 12:42:24 [main] INFO  o.s.b.w.e.tomcat.TomcatWebServer - Tomcat started on port(s): 8080 (http) with context path ''
""2022-03-02 12:42:24 [main] INFO  c.e.demo.SpringSecurityApplication - Started SpringSecurityApplication in 2.458 seconds (JVM running for 2.983)
""2022-03-02 12:42:26 [http-nio-8080-exec-1] INFO  o.a.c.c.C.[Tomcat].[localhost].[/] - Initializing Spring DispatcherServlet 'dispatcherServlet'
""2022-03-02 12:42:26 [http-nio-8080-exec-1] DEBUG com.example.demo.Controller.Home - login success done
"