2022-03-23 13:50:57,253 INFO com.example.demo.SpringSecurityApplicationTests [main] Starting SpringSecurityApplicationTests using Java 1.8.0_202 on INPNQLT251 with PID 27893 (started by user in /home/user/Documents/spring-security)
2022-03-23 13:50:57,260 INFO com.example.demo.SpringSecurityApplicationTests [main] No active profile set, falling back to 1 default profile: "default"
2022-03-23 13:50:59,733 INFO com.example.demo.SpringSecurityApplicationTests [main] Started SpringSecurityApplicationTests in 2.865 seconds (JVM running for 4.623)
2022-03-23 13:53:57,972 INFO com.example.demo.SpringSecurityApplication [main] Starting SpringSecurityApplication v0.0.1-SNAPSHOT using Java 1.8.0_202 on INPNQLT251 with PID 30061 (/home/user/Documents/spring-security/target/spring-security-0.0.1-SNAPSHOT.jar started by user in /home/user/Documents/spring-security)
2022-03-23 13:53:57,975 INFO com.example.demo.SpringSecurityApplication [main] No active profile set, falling back to 1 default profile: "default"
2022-03-23 13:53:59,629 INFO com.example.demo.SpringSecurityApplication [main] Started SpringSecurityApplication in 1.97 seconds (JVM running for 2.411)
2022-03-23 13:56:09,380 INFO com.example.demo.config.JwtAthenticationfilter [http-nio-8080-exec-1] Readuser from auth
2022-03-23 13:56:09,437 WARN com.example.demo.Controller.JwtController [http-nio-8080-exec-1] Use proper credential to login 
2022-03-23 13:56:09,438 INFO com.example.demo.Service.CustomUserDetailsService [http-nio-8080-exec-1] User found 
2022-03-23 13:56:09,439 INFO com.example.demo.Controller.JwtController [http-nio-8080-exec-1] Token Accessed
2022-03-23 13:56:09,439 INFO com.example.demo.Service.CustomUserDetailsService [http-nio-8080-exec-1] User found 
2022-03-23 13:56:09,439 INFO com.example.demo.jwthelper.JwtUtil [http-nio-8080-exec-1] Generate token for user
2022-03-23 13:56:09,439 INFO com.example.demo.jwthelper.JwtUtil [http-nio-8080-exec-1] while creating the token claims of the token, like Issuer, Expiration, Subject, and the ID
2022-03-23 13:56:56,842 INFO com.example.demo.config.JwtAthenticationfilter [http-nio-8080-exec-2] Readuser from auth
2022-03-23 13:56:56,843 INFO com.example.demo.jwthelper.JwtUtil [http-nio-8080-exec-2] retrieve username from jwt token
2022-03-23 13:56:56,844 INFO com.example.demo.jwthelper.JwtUtil [http-nio-8080-exec-2] Secret key 
2022-03-23 13:56:56,882 INFO com.example.demo.Service.CustomUserDetailsService [http-nio-8080-exec-2] User found 
2022-03-23 13:56:56,883 INFO com.example.demo.Controller.Home [http-nio-8080-exec-2] Authorization was successful 
2022-03-23 14:06:24,021 INFO com.example.demo.config.JwtAthenticationfilter [http-nio-8080-exec-3] Readuser from auth
2022-03-23 14:06:24,021 INFO com.example.demo.jwthelper.JwtUtil [http-nio-8080-exec-3] retrieve username from jwt token
2022-03-23 14:06:24,021 INFO com.example.demo.jwthelper.JwtUtil [http-nio-8080-exec-3] Secret key 
2022-03-23 14:06:24,065 INFO com.example.demo.config.JwtAthenticationfilter [http-nio-8080-exec-3] Token is not validate 
2022-03-23 14:06:24,070 ERROR org.apache.catalina.core.ContainerBase.[Tomcat].[localhost].[/].[dispatcherServlet] [http-nio-8080-exec-3] Servlet.service() for servlet [dispatcherServlet] in context with path [] threw exception
com.example.demo.Exception.UserServiceException: Token is not validated
	at com.example.demo.config.JwtAthenticationfilter.doFilterInternal(JwtAthenticationfilter.java:90)
	at org.springframework.web.filter.OncePerRequestFilter.doFilter(OncePerRequestFilter.java:117)
	at org.springframework.security.web.FilterChainProxy$VirtualFilterChain.doFilter(FilterChainProxy.java:336)
	at org.springframework.security.web.authentication.logout.LogoutFilter.doFilter(LogoutFilter.java:103)
	at org.springframework.security.web.authentication.logout.LogoutFilter.doFilter(LogoutFilter.java:89)
	at org.springframework.security.web.FilterChainProxy$VirtualFilterChain.doFilter(FilterChainProxy.java:336)
	at org.springframework.security.web.header.HeaderWriterFilter.doHeadersAfter(HeaderWriterFilter.java:90)
	at org.springframework.security.web.header.HeaderWriterFilter.doFilterInternal(HeaderWriterFilter.java:75)
	at org.springframework.web.filter.OncePerRequestFilter.doFilter(OncePerRequestFilter.java:117)
	at org.springframework.security.web.FilterChainProxy$VirtualFilterChain.doFilter(FilterChainProxy.java:336)
	at org.springframework.security.web.context.SecurityContextPersistenceFilter.doFilter(SecurityContextPersistenceFilter.java:110)
	at org.springframework.security.web.context.SecurityContextPersistenceFilter.doFilter(SecurityContextPersistenceFilter.java:80)
	at org.springframework.security.web.FilterChainProxy$VirtualFilterChain.doFilter(FilterChainProxy.java:336)
	at org.springframework.security.web.context.request.async.WebAsyncManagerIntegrationFilter.doFilterInternal(WebAsyncManagerIntegrationFilter.java:55)
	at org.springframework.web.filter.OncePerRequestFilter.doFilter(OncePerRequestFilter.java:117)
	at org.springframework.security.web.FilterChainProxy$VirtualFilterChain.doFilter(FilterChainProxy.java:336)
	at org.springframework.security.web.FilterChainProxy.doFilterInternal(FilterChainProxy.java:211)
	at org.springframework.security.web.FilterChainProxy.doFilter(FilterChainProxy.java:183)
	at org.springframework.web.filter.DelegatingFilterProxy.invokeDelegate(DelegatingFilterProxy.java:354)
	at org.springframework.web.filter.DelegatingFilterProxy.doFilter(DelegatingFilterProxy.java:267)
	at org.apache.catalina.core.ApplicationFilterChain.internalDoFilter(ApplicationFilterChain.java:189)
	at org.apache.catalina.core.ApplicationFilterChain.doFilter(ApplicationFilterChain.java:162)
	at org.springframework.web.filter.RequestContextFilter.doFilterInternal(RequestContextFilter.java:100)
	at org.springframework.web.filter.OncePerRequestFilter.doFilter(OncePerRequestFilter.java:117)
	at org.apache.catalina.core.ApplicationFilterChain.internalDoFilter(ApplicationFilterChain.java:189)
	at org.apache.catalina.core.ApplicationFilterChain.doFilter(ApplicationFilterChain.java:162)
	at org.springframework.web.filter.FormContentFilter.doFilterInternal(FormContentFilter.java:93)
	at org.springframework.web.filter.OncePerRequestFilter.doFilter(OncePerRequestFilter.java:117)
	at org.apache.catalina.core.ApplicationFilterChain.internalDoFilter(ApplicationFilterChain.java:189)
	at org.apache.catalina.core.ApplicationFilterChain.doFilter(ApplicationFilterChain.java:162)
	at org.springframework.web.filter.CharacterEncodingFilter.doFilterInternal(CharacterEncodingFilter.java:201)
	at org.springframework.web.filter.OncePerRequestFilter.doFilter(OncePerRequestFilter.java:117)
	at org.apache.catalina.core.ApplicationFilterChain.internalDoFilter(ApplicationFilterChain.java:189)
	at org.apache.catalina.core.ApplicationFilterChain.doFilter(ApplicationFilterChain.java:162)
	at org.apache.catalina.core.StandardWrapperValve.invoke(StandardWrapperValve.java:197)
	at org.apache.catalina.core.StandardContextValve.invoke(StandardContextValve.java:97)
	at org.apache.catalina.authenticator.AuthenticatorBase.invoke(AuthenticatorBase.java:540)
	at org.apache.catalina.core.StandardHostValve.invoke(StandardHostValve.java:135)
	at org.apache.catalina.valves.ErrorReportValve.invoke(ErrorReportValve.java:92)
	at org.apache.catalina.core.StandardEngineValve.invoke(StandardEngineValve.java:78)
	at org.apache.catalina.connector.CoyoteAdapter.service(CoyoteAdapter.java:359)
	at org.apache.coyote.http11.Http11Processor.service(Http11Processor.java:399)
	at org.apache.coyote.AbstractProcessorLight.process(AbstractProcessorLight.java:65)
	at org.apache.coyote.AbstractProtocol$ConnectionHandler.process(AbstractProtocol.java:889)
	at org.apache.tomcat.util.net.NioEndpoint$SocketProcessor.doRun(NioEndpoint.java:1735)
	at org.apache.tomcat.util.net.SocketProcessorBase.run(SocketProcessorBase.java:49)
	at org.apache.tomcat.util.threads.ThreadPoolExecutor.runWorker(ThreadPoolExecutor.java:1191)
	at org.apache.tomcat.util.threads.ThreadPoolExecutor$Worker.run(ThreadPoolExecutor.java:659)
	at org.apache.tomcat.util.threads.TaskThread$WrappingRunnable.run(TaskThread.java:61)
	at java.lang.Thread.run(Thread.java:748)
