2022-03-04 11:21:57 [main] INFO  c.e.demo.SpringSecurityApplication -
				Starting SpringSecurityApplication using Java 17.0.1 on INPNQLT251 with PID 1105370 (/home/user/Documents/spring-security/target/classes started by user in /home/user/Documents/spring-security)
2022-03-04 11:21:57 [main] DEBUG c.e.demo.SpringSecurityApplication -
				Running with Spring Boot v2.6.4, Spring v5.3.16
2022-03-04 11:21:57 [main] INFO  c.e.demo.SpringSecurityApplication -
				No active profile set, falling back to 1 default profile: "default"
2022-03-04 11:21:58 [main] DEBUG c.e.d.config.JwtAthenticationfilter -
				Filter 'jwtAthenticationfilter' configured for use
2022-03-04 11:21:58 [main] INFO  c.e.demo.SpringSecurityApplication -
				Started SpringSecurityApplication in 1.739 seconds (JVM running for 2.223)
2022-03-04 13:10:31 [http-nio-8080-exec-10] DEBUG com.example.demo.Controller.Home -
				login success done
2022-03-04 13:10:31 [http-nio-8080-exec-10] INFO  com.example.demo.Controller.Home -
				login info
2022-03-04 13:10:31 [http-nio-8080-exec-10] ERROR com.example.demo.Controller.Home -
				error
2022-03-04 13:10:31 [http-nio-8080-exec-10] WARN  com.example.demo.Controller.Home -
				warn
2022-03-04 13:18:51 [http-nio-8080-exec-9] DEBUG com.example.demo.Controller.Home -
				login success done
2022-03-04 13:18:51 [http-nio-8080-exec-9] INFO  com.example.demo.Controller.Home -
				login info
2022-03-04 13:18:51 [http-nio-8080-exec-9] ERROR com.example.demo.Controller.Home -
				error
2022-03-04 13:18:51 [http-nio-8080-exec-9] WARN  com.example.demo.Controller.Home -
				warn
2022-03-04 13:24:53 [http-nio-8080-exec-6] DEBUG com.example.demo.Controller.Home -
				login success done
2022-03-04 13:24:53 [http-nio-8080-exec-6] INFO  com.example.demo.Controller.Home -
				login info
2022-03-04 13:24:53 [http-nio-8080-exec-6] ERROR com.example.demo.Controller.Home -
				error
2022-03-04 13:24:53 [http-nio-8080-exec-6] WARN  com.example.demo.Controller.Home -
				warn
2022-03-04 13:26:15 [http-nio-8080-exec-8] DEBUG com.example.demo.Controller.Home -
				login success done
2022-03-04 13:26:15 [http-nio-8080-exec-8] INFO  com.example.demo.Controller.Home -
				login info
2022-03-04 13:26:15 [http-nio-8080-exec-8] ERROR com.example.demo.Controller.Home -
				error
2022-03-04 13:26:15 [http-nio-8080-exec-8] WARN  com.example.demo.Controller.Home -
				warn
2022-03-04 13:36:16 [http-nio-8080-exec-6] DEBUG com.example.demo.Controller.Home -
				login success done
2022-03-04 13:36:16 [http-nio-8080-exec-6] INFO  com.example.demo.Controller.Home -
				login info
2022-03-04 13:36:16 [http-nio-8080-exec-6] ERROR com.example.demo.Controller.Home -
				error
2022-03-04 13:36:16 [http-nio-8080-exec-6] WARN  com.example.demo.Controller.Home -
				warn
2022-03-04 13:39:34 [http-nio-8080-exec-7] DEBUG com.example.demo.Controller.Home -
				login success done
2022-03-04 13:39:34 [http-nio-8080-exec-7] INFO  com.example.demo.Controller.Home -
				login info
2022-03-04 13:39:34 [http-nio-8080-exec-7] ERROR com.example.demo.Controller.Home -
				error
2022-03-04 13:39:34 [http-nio-8080-exec-7] WARN  com.example.demo.Controller.Home -
				warn
2022-03-04 13:55:46 [main] INFO  c.e.d.SpringSecurityApplicationTests -
				Starting SpringSecurityApplicationTests using Java 1.8.0_202 on INPNQLT251 with PID 1124913 (started by user in /home/user/Documents/spring-security)
2022-03-04 13:55:46 [main] DEBUG c.e.d.SpringSecurityApplicationTests -
				Running with Spring Boot v2.6.4, Spring v5.3.16
2022-03-04 13:55:46 [main] INFO  c.e.d.SpringSecurityApplicationTests -
				No active profile set, falling back to 1 default profile: "default"
2022-03-04 13:55:48 [main] INFO  c.e.d.SpringSecurityApplicationTests -
				Started SpringSecurityApplicationTests in 2.03 seconds (JVM running for 3.195)
2022-03-04 14:00:19 [main] INFO  c.e.demo.SpringSecurityApplication -
				Starting SpringSecurityApplication v0.0.1-SNAPSHOT using Java 1.8.0_202 on INPNQLT251 with PID 1128364 (/home/user/Documents/spring-security/target/spring-security-0.0.1-SNAPSHOT.jar started by user in /home/user/Documents/spring-security)
2022-03-04 14:00:19 [main] DEBUG c.e.demo.SpringSecurityApplication -
				Running with Spring Boot v2.6.4, Spring v5.3.16
2022-03-04 14:00:19 [main] INFO  c.e.demo.SpringSecurityApplication -
				No active profile set, falling back to 1 default profile: "default"
2022-03-04 14:00:20 [main] DEBUG c.e.d.config.JwtAthenticationfilter -
				Filter 'jwtAthenticationfilter' configured for use
2022-03-04 14:00:21 [main] INFO  c.e.demo.SpringSecurityApplication -
				Started SpringSecurityApplication in 2.47 seconds (JVM running for 3.096)
2022-03-04 14:02:21 [http-nio-8080-exec-3] DEBUG com.example.demo.Controller.Home -
				login success done
2022-03-04 14:02:21 [http-nio-8080-exec-3] INFO  com.example.demo.Controller.Home -
				login info
2022-03-04 14:02:21 [http-nio-8080-exec-3] ERROR com.example.demo.Controller.Home -
				error
2022-03-04 14:02:21 [http-nio-8080-exec-3] WARN  com.example.demo.Controller.Home -
				warn
2022-03-04 14:37:29 [http-nio-8080-exec-5] DEBUG com.example.demo.Controller.Home -
				login success done
2022-03-04 14:37:29 [http-nio-8080-exec-5] INFO  com.example.demo.Controller.Home -
				login info
2022-03-04 14:37:29 [http-nio-8080-exec-5] ERROR com.example.demo.Controller.Home -
				error
2022-03-04 14:37:29 [http-nio-8080-exec-5] WARN  com.example.demo.Controller.Home -
				warn
2022-03-04 14:45:43 [main] INFO  c.e.demo.SpringSecurityApplication -
				Starting SpringSecurityApplication using Java 17.0.1 on INPNQLT251 with PID 1162149 (/home/user/Documents/spring-security/target/classes started by user in /home/user/Documents/spring-security)
2022-03-04 14:45:43 [main] DEBUG c.e.demo.SpringSecurityApplication -
				Running with Spring Boot v2.6.4, Spring v5.3.16
2022-03-04 14:45:43 [main] INFO  c.e.demo.SpringSecurityApplication -
				No active profile set, falling back to 1 default profile: "default"
2022-03-04 14:45:45 [main] DEBUG c.e.d.config.JwtAthenticationfilter -
				Filter 'jwtAthenticationfilter' configured for use
2022-03-04 14:46:09 [main] INFO  c.e.demo.SpringSecurityApplication -
				Starting SpringSecurityApplication using Java 17.0.1 on INPNQLT251 with PID 1162544 (/home/user/Documents/spring-security/target/classes started by user in /home/user/Documents/spring-security)
2022-03-04 14:46:09 [main] DEBUG c.e.demo.SpringSecurityApplication -
				Running with Spring Boot v2.6.4, Spring v5.3.16
2022-03-04 14:46:09 [main] INFO  c.e.demo.SpringSecurityApplication -
				No active profile set, falling back to 1 default profile: "default"
2022-03-04 14:46:11 [main] DEBUG c.e.d.config.JwtAthenticationfilter -
				Filter 'jwtAthenticationfilter' configured for use
2022-03-04 14:47:12 [main] INFO  c.e.demo.SpringSecurityApplication -
				Starting SpringSecurityApplication using Java 17.0.1 on INPNQLT251 with PID 1163406 (/home/user/Documents/spring-security/target/classes started by user in /home/user/Documents/spring-security)
2022-03-04 14:47:12 [main] DEBUG c.e.demo.SpringSecurityApplication -
				Running with Spring Boot v2.6.4, Spring v5.3.16
2022-03-04 14:47:12 [main] INFO  c.e.demo.SpringSecurityApplication -
				No active profile set, falling back to 1 default profile: "default"
2022-03-04 14:47:13 [main] DEBUG c.e.d.config.JwtAthenticationfilter -
				Filter 'jwtAthenticationfilter' configured for use
2022-03-04 14:47:50 [main] INFO  c.e.demo.SpringSecurityApplication -
				Starting SpringSecurityApplication using Java 17.0.1 on INPNQLT251 with PID 1163973 (/home/user/Documents/spring-security/target/classes started by user in /home/user/Documents/spring-security)
2022-03-04 14:47:50 [main] DEBUG c.e.demo.SpringSecurityApplication -
				Running with Spring Boot v2.6.4, Spring v5.3.16
2022-03-04 14:47:50 [main] INFO  c.e.demo.SpringSecurityApplication -
				No active profile set, falling back to 1 default profile: "default"
2022-03-04 14:47:51 [main] DEBUG c.e.d.config.JwtAthenticationfilter -
				Filter 'jwtAthenticationfilter' configured for use
2022-03-04 14:48:54 [main] INFO  c.e.demo.SpringSecurityApplication -
				Starting SpringSecurityApplication using Java 17.0.1 on INPNQLT251 with PID 1164863 (/home/user/Documents/spring-security/target/classes started by user in /home/user/Documents/spring-security)
2022-03-04 14:48:54 [main] DEBUG c.e.demo.SpringSecurityApplication -
				Running with Spring Boot v2.6.4, Spring v5.3.16
2022-03-04 14:48:54 [main] INFO  c.e.demo.SpringSecurityApplication -
				No active profile set, falling back to 1 default profile: "default"
2022-03-04 14:48:55 [main] DEBUG c.e.d.config.JwtAthenticationfilter -
				Filter 'jwtAthenticationfilter' configured for use
2022-03-04 14:49:38 [main] INFO  c.e.demo.SpringSecurityApplication -
				Starting SpringSecurityApplication using Java 17.0.1 on INPNQLT251 with PID 1165515 (/home/user/Documents/spring-security/target/classes started by user in /home/user/Documents/spring-security)
2022-03-04 14:49:38 [main] DEBUG c.e.demo.SpringSecurityApplication -
				Running with Spring Boot v2.6.4, Spring v5.3.16
2022-03-04 14:49:38 [main] INFO  c.e.demo.SpringSecurityApplication -
				No active profile set, falling back to 1 default profile: "default"
2022-03-04 14:49:39 [main] DEBUG c.e.d.config.JwtAthenticationfilter -
				Filter 'jwtAthenticationfilter' configured for use
2022-03-04 14:50:55 [http-nio-8080-exec-7] DEBUG com.example.demo.Controller.Home -
				login success done
2022-03-04 14:50:55 [http-nio-8080-exec-7] INFO  com.example.demo.Controller.Home -
				login info
2022-03-04 14:50:55 [http-nio-8080-exec-7] ERROR com.example.demo.Controller.Home -
				error
2022-03-04 14:50:55 [http-nio-8080-exec-7] WARN  com.example.demo.Controller.Home -
				warn
2022-03-04 14:51:01 [http-nio-8080-exec-8] DEBUG com.example.demo.Controller.Home -
				login success done
2022-03-04 14:51:01 [http-nio-8080-exec-8] INFO  com.example.demo.Controller.Home -
				login info
2022-03-04 14:51:01 [http-nio-8080-exec-8] ERROR com.example.demo.Controller.Home -
				error
2022-03-04 14:51:01 [http-nio-8080-exec-8] WARN  com.example.demo.Controller.Home -
				warn
2022-03-04 14:51:17 [http-nio-8080-exec-10] DEBUG com.example.demo.Controller.Home -
				login success done
2022-03-04 14:51:17 [http-nio-8080-exec-10] INFO  com.example.demo.Controller.Home -
				login info
2022-03-04 14:51:17 [http-nio-8080-exec-10] ERROR com.example.demo.Controller.Home -
				error
2022-03-04 14:51:17 [http-nio-8080-exec-10] WARN  com.example.demo.Controller.Home -
				warn
2022-03-04 14:54:26 [main] INFO  c.e.demo.SpringSecurityApplication -
				Starting SpringSecurityApplication using Java 17.0.1 on INPNQLT251 with PID 1169111 (/home/user/Documents/spring-security/target/classes started by user in /home/user/Documents/spring-security)
2022-03-04 14:54:26 [main] DEBUG c.e.demo.SpringSecurityApplication -
				Running with Spring Boot v2.6.4, Spring v5.3.16
2022-03-04 14:54:26 [main] INFO  c.e.demo.SpringSecurityApplication -
				No active profile set, falling back to 1 default profile: "default"
2022-03-04 14:54:27 [main] DEBUG c.e.d.config.JwtAthenticationfilter -
				Filter 'jwtAthenticationfilter' configured for use
2022-03-04 14:54:28 [main] INFO  c.e.demo.SpringSecurityApplication -
				Started SpringSecurityApplication in 2.038 seconds (JVM running for 2.512)
2022-03-04 14:54:37 [http-nio-8080-exec-2] WARN  c.e.demo.Controller.JwtController -
				Use proper credential to login 
2022-03-04 14:55:08 [http-nio-8080-exec-1] DEBUG com.example.demo.Controller.Home -
				login success done
2022-03-04 14:55:08 [http-nio-8080-exec-1] INFO  com.example.demo.Controller.Home -
				Authorization was successful 
2022-03-04 14:56:44 [main] INFO  c.e.demo.SpringSecurityApplication -
				Starting SpringSecurityApplication using Java 17.0.1 on INPNQLT251 with PID 1171017 (/home/user/Documents/spring-security/target/classes started by user in /home/user/Documents/spring-security)
2022-03-04 14:56:44 [main] DEBUG c.e.demo.SpringSecurityApplication -
				Running with Spring Boot v2.6.4, Spring v5.3.16
2022-03-04 14:56:44 [main] INFO  c.e.demo.SpringSecurityApplication -
				No active profile set, falling back to 1 default profile: "default"
2022-03-04 14:56:45 [main] DEBUG c.e.d.config.JwtAthenticationfilter -
				Filter 'jwtAthenticationfilter' configured for use
2022-03-04 14:56:46 [main] INFO  c.e.demo.SpringSecurityApplication -
				Started SpringSecurityApplication in 2.258 seconds (JVM running for 2.847)
2022-03-04 14:56:59 [http-nio-8080-exec-1] WARN  c.e.demo.Controller.JwtController -
				Use proper credential to login 
2022-03-04 14:56:59 [http-nio-8080-exec-1] ERROR c.e.demo.Controller.JwtController -
				wrong 
2022-03-04 14:59:11 [http-nio-8080-exec-2] WARN  c.e.demo.Controller.JwtController -
				Use proper credential to login 
2022-03-04 14:59:11 [http-nio-8080-exec-2] ERROR c.e.demo.Controller.JwtController -
				wrong 
2022-03-04 14:59:40 [http-nio-8080-exec-3] WARN  c.e.demo.Controller.JwtController -
				Use proper credential to login 
2022-03-04 14:59:40 [http-nio-8080-exec-3] ERROR c.e.demo.Controller.JwtController -
				wrong 
2022-03-04 14:59:56 [http-nio-8080-exec-4] WARN  c.e.demo.Controller.JwtController -
				Use proper credential to login 
2022-03-04 15:42:26 [main] INFO  c.e.demo.SpringSecurityApplication -
				Starting SpringSecurityApplication using Java 17.0.1 on INPNQLT251 with PID 1206331 (/home/user/Documents/spring-security/target/classes started by user in /home/user/Documents/spring-security)
2022-03-04 15:42:26 [main] DEBUG c.e.demo.SpringSecurityApplication -
				Running with Spring Boot v2.6.4, Spring v5.3.16
2022-03-04 15:42:26 [main] INFO  c.e.demo.SpringSecurityApplication -
				No active profile set, falling back to 1 default profile: "default"
2022-03-04 15:42:27 [main] DEBUG c.e.d.config.JwtAthenticationfilter -
				Filter 'jwtAthenticationfilter' configured for use
2022-03-04 15:42:50 [main] INFO  c.e.demo.SpringSecurityApplication -
				Starting SpringSecurityApplication using Java 17.0.1 on INPNQLT251 with PID 1206688 (/home/user/Documents/spring-security/target/classes started by user in /home/user/Documents/spring-security)
2022-03-04 15:42:50 [main] DEBUG c.e.demo.SpringSecurityApplication -
				Running with Spring Boot v2.6.4, Spring v5.3.16
2022-03-04 15:42:50 [main] INFO  c.e.demo.SpringSecurityApplication -
				No active profile set, falling back to 1 default profile: "default"
2022-03-04 15:42:51 [main] DEBUG c.e.d.config.JwtAthenticationfilter -
				Filter 'jwtAthenticationfilter' configured for use
2022-03-04 15:42:52 [main] INFO  c.e.demo.SpringSecurityApplication -
				Started SpringSecurityApplication in 2.794 seconds (JVM running for 3.463)
2022-03-04 22:57:12 [main] INFO  c.e.demo.SpringSecurityApplication -
				Starting SpringSecurityApplication using Java 17.0.1 on INPNQLT251 with PID 1560994 (/home/user/Documents/spring-security/target/classes started by user in /home/user/Documents/spring-security)
2022-03-04 22:57:12 [main] DEBUG c.e.demo.SpringSecurityApplication -
				Running with Spring Boot v2.6.4, Spring v5.3.16
2022-03-04 22:57:12 [main] INFO  c.e.demo.SpringSecurityApplication -
				No active profile set, falling back to 1 default profile: "default"
2022-03-04 22:57:14 [main] DEBUG c.e.d.config.JwtAthenticationfilter -
				Filter 'jwtAthenticationfilter' configured for use
2022-03-04 22:57:14 [main] INFO  c.e.demo.SpringSecurityApplication -
				Started SpringSecurityApplication in 2.523 seconds (JVM running for 3.251)
2022-03-04 22:57:55 [http-nio-8080-exec-3] WARN  c.e.demo.Controller.JwtController -
				Use proper credential to login 
2022-03-04 22:57:55 [http-nio-8080-exec-3] INFO  c.e.demo.Controller.JwtController -
				Token Accessed
2022-03-04 22:58:33 [http-nio-8080-exec-4] DEBUG com.example.demo.Controller.Home -
				login success done
2022-03-04 22:58:33 [http-nio-8080-exec-4] INFO  com.example.demo.Controller.Home -
				Authorization was successful 
2022-03-04 23:00:07 [main] INFO  c.e.demo.SpringSecurityApplication -
				Starting SpringSecurityApplication using Java 17.0.1 on INPNQLT251 with PID 1561376 (/home/user/Documents/spring-security/target/classes started by user in /home/user/Documents/spring-security)
2022-03-04 23:00:07 [main] DEBUG c.e.demo.SpringSecurityApplication -
				Running with Spring Boot v2.6.4, Spring v5.3.16
2022-03-04 23:00:07 [main] INFO  c.e.demo.SpringSecurityApplication -
				No active profile set, falling back to 1 default profile: "default"
2022-03-04 23:00:08 [main] DEBUG c.e.d.config.JwtAthenticationfilter -
				Filter 'jwtAthenticationfilter' configured for use
2022-03-04 23:00:09 [main] INFO  c.e.demo.SpringSecurityApplication -
				Started SpringSecurityApplication in 2.14 seconds (JVM running for 2.714)
2022-03-04 23:22:53 [main] INFO  c.e.demo.SpringSecurityApplication -
				Starting SpringSecurityApplication using Java 17.0.1 on INPNQLT251 with PID 1563563 (/home/user/Documents/spring-security/target/classes started by user in /home/user/Documents/spring-security)
2022-03-04 23:22:53 [main] DEBUG c.e.demo.SpringSecurityApplication -
				Running with Spring Boot v2.6.4, Spring v5.3.16
2022-03-04 23:22:53 [main] INFO  c.e.demo.SpringSecurityApplication -
				No active profile set, falling back to 1 default profile: "default"
2022-03-04 23:22:55 [main] DEBUG c.e.d.config.JwtAthenticationfilter -
				Filter 'jwtAthenticationfilter' configured for use
2022-03-04 23:22:55 [main] INFO  c.e.demo.SpringSecurityApplication -
				Started SpringSecurityApplication in 2.384 seconds (JVM running for 2.933)
2022-03-04 23:23:25 [http-nio-8080-exec-5] DEBUG com.example.demo.Controller.Home -
				login success done
2022-03-04 23:23:25 [http-nio-8080-exec-5] INFO  com.example.demo.Controller.Home -
				Authorization was successful 
2022-03-04 23:44:21 [main] INFO  c.e.demo.SpringSecurityApplication -
				Starting SpringSecurityApplication using Java 17.0.1 on INPNQLT251 with PID 1565030 (/home/user/Documents/spring-security/target/classes started by user in /home/user/Documents/spring-security)
2022-03-04 23:44:21 [main] DEBUG c.e.demo.SpringSecurityApplication -
				Running with Spring Boot v2.6.4, Spring v5.3.16
2022-03-04 23:44:21 [main] INFO  c.e.demo.SpringSecurityApplication -
				No active profile set, falling back to 1 default profile: "default"
2022-03-04 23:44:22 [main] DEBUG c.e.d.config.JwtAthenticationfilter -
				Filter 'jwtAthenticationfilter' configured for use
2022-03-04 23:44:23 [main] INFO  c.e.demo.SpringSecurityApplication -
				Started SpringSecurityApplication in 1.928 seconds (JVM running for 2.418)
2022-03-04 23:44:41 [http-nio-8080-exec-3] DEBUG com.example.demo.Controller.Home -
				login success done
2022-03-04 23:44:41 [http-nio-8080-exec-3] INFO  com.example.demo.Controller.Home -
				Authorization was successful 
2022-03-04 23:46:29 [http-nio-8080-exec-9] WARN  c.e.demo.Controller.JwtController -
				Use proper credential to login 
2022-03-04 23:46:29 [http-nio-8080-exec-9] INFO  c.e.demo.Controller.JwtController -
				Token Accessed
2022-03-04 23:47:09 [http-nio-8080-exec-1] WARN  c.e.demo.Controller.JwtController -
				Use proper credential to login 
2022-03-04 23:47:09 [http-nio-8080-exec-1] INFO  c.e.demo.Controller.JwtController -
				Token Accessed
2022-03-04 23:47:27 [http-nio-8080-exec-2] DEBUG com.example.demo.Controller.Home -
				login success done
2022-03-04 23:47:27 [http-nio-8080-exec-2] INFO  com.example.demo.Controller.Home -
				Authorization was successful 
