2022-03-12 12:16:46 [main] INFO  c.e.demo.SpringSecurityApplication -
				Starting SpringSecurityApplication using Java 17.0.1 on INPNQLT251 with PID 54297 (/home/user/Documents/spring-security/target/classes started by user in /home/user/Documents/spring-security)
2022-03-12 12:16:46 [main] DEBUG c.e.demo.SpringSecurityApplication -
				Running with Spring Boot v2.6.4, Spring v5.3.16
2022-03-12 12:16:46 [main] INFO  c.e.demo.SpringSecurityApplication -
				No active profile set, falling back to 1 default profile: "default"
2022-03-12 12:16:48 [main] DEBUG c.e.d.config.JwtAthenticationfilter -
				Filter 'jwtAthenticationfilter' configured for use
2022-03-12 12:16:49 [main] INFO  c.e.demo.SpringSecurityApplication -
				Started SpringSecurityApplication in 2.978 seconds (JVM running for 3.936)
2022-03-12 12:17:40 [http-nio-8080-exec-2] WARN  c.e.demo.Controller.JwtController -
				Use proper credential to login 
2022-03-12 12:17:40 [http-nio-8080-exec-2] ERROR c.e.demo.Controller.JwtController -
				Error !!!Wrong Credentials
2022-03-12 12:18:05 [http-nio-8080-exec-4] WARN  c.e.demo.Controller.JwtController -
				Use proper credential to login 
2022-03-12 12:18:05 [http-nio-8080-exec-4] INFO  c.e.demo.Controller.JwtController -
				Token Accessed
2022-03-12 12:18:58 [http-nio-8080-exec-5] WARN  c.e.demo.Controller.JwtController -
				Use proper credential to login 
2022-03-12 12:18:58 [http-nio-8080-exec-5] INFO  c.e.demo.Controller.JwtController -
				Token Accessed
2022-03-12 12:22:32 [main] INFO  c.e.demo.SpringSecurityApplication -
				Starting SpringSecurityApplication using Java 17.0.1 on INPNQLT251 with PID 58830 (/home/user/Documents/spring-security/target/classes started by user in /home/user/Documents/spring-security)
2022-03-12 12:22:32 [main] DEBUG c.e.demo.SpringSecurityApplication -
				Running with Spring Boot v2.6.4, Spring v5.3.16
2022-03-12 12:22:32 [main] INFO  c.e.demo.SpringSecurityApplication -
				No active profile set, falling back to 1 default profile: "default"
2022-03-12 12:22:33 [main] DEBUG c.e.d.config.JwtAthenticationfilter -
				Filter 'jwtAthenticationfilter' configured for use
2022-03-12 12:22:33 [main] INFO  c.e.demo.SpringSecurityApplication -
				Started SpringSecurityApplication in 1.769 seconds (JVM running for 2.228)
2022-03-12 12:25:39 [main] INFO  c.e.demo.SpringSecurityApplication -
				Starting SpringSecurityApplication using Java 17.0.1 on INPNQLT251 with PID 61091 (/home/user/Documents/spring-security/target/classes started by user in /home/user/Documents/spring-security)
2022-03-12 12:25:39 [main] DEBUG c.e.demo.SpringSecurityApplication -
				Running with Spring Boot v2.6.4, Spring v5.3.16
2022-03-12 12:25:39 [main] INFO  c.e.demo.SpringSecurityApplication -
				No active profile set, falling back to 1 default profile: "default"
2022-03-12 12:25:40 [main] DEBUG c.e.d.config.JwtAthenticationfilter -
				Filter 'jwtAthenticationfilter' configured for use
2022-03-12 12:25:58 [main] INFO  c.e.demo.SpringSecurityApplication -
				Starting SpringSecurityApplication using Java 17.0.1 on INPNQLT251 with PID 61370 (/home/user/Documents/spring-security/target/classes started by user in /home/user/Documents/spring-security)
2022-03-12 12:25:58 [main] DEBUG c.e.demo.SpringSecurityApplication -
				Running with Spring Boot v2.6.4, Spring v5.3.16
2022-03-12 12:25:58 [main] INFO  c.e.demo.SpringSecurityApplication -
				No active profile set, falling back to 1 default profile: "default"
2022-03-12 12:25:59 [main] DEBUG c.e.d.config.JwtAthenticationfilter -
				Filter 'jwtAthenticationfilter' configured for use
2022-03-12 12:25:59 [main] INFO  c.e.demo.SpringSecurityApplication -
				Started SpringSecurityApplication in 1.896 seconds (JVM running for 2.351)
2022-03-12 12:26:26 [http-nio-8080-exec-4] WARN  c.e.demo.Controller.JwtController -
				Use proper credential to login 
2022-03-12 12:26:26 [http-nio-8080-exec-4] INFO  c.e.demo.Controller.JwtController -
				Token Accessed
2022-03-12 12:26:54 [http-nio-8080-exec-5] WARN  c.e.demo.Controller.JwtController -
				Use proper credential to login 
2022-03-12 12:26:54 [http-nio-8080-exec-5] INFO  c.e.demo.Controller.JwtController -
				Token Accessed
2022-03-12 12:27:40 [http-nio-8080-exec-6] DEBUG com.example.demo.Controller.Home -
				login success done
2022-03-12 12:27:40 [http-nio-8080-exec-6] INFO  com.example.demo.Controller.Home -
				Authorization was successful 
2022-03-12 13:41:02 [main] INFO  c.e.demo.SpringSecurityApplication -
				Starting SpringSecurityApplication using Java 17.0.1 on INPNQLT251 with PID 115496 (/home/user/Documents/spring-security/target/classes started by user in /home/user/Documents/spring-security)
2022-03-12 13:41:02 [main] DEBUG c.e.demo.SpringSecurityApplication -
				Running with Spring Boot v2.6.4, Spring v5.3.16
2022-03-12 13:41:02 [main] INFO  c.e.demo.SpringSecurityApplication -
				No active profile set, falling back to 1 default profile: "default"
2022-03-12 13:41:03 [main] DEBUG c.e.d.config.JwtAthenticationfilter -
				Filter 'jwtAthenticationfilter' configured for use
2022-03-12 13:41:04 [main] INFO  c.e.demo.SpringSecurityApplication -
				Started SpringSecurityApplication in 1.891 seconds (JVM running for 2.423)
2022-03-12 13:41:21 [http-nio-8080-exec-4] WARN  c.e.demo.Controller.JwtController -
				Use proper credential to login 
2022-03-12 13:41:21 [http-nio-8080-exec-4] INFO  c.e.demo.Controller.JwtController -
				Token Accessed
2022-03-12 13:41:46 [http-nio-8080-exec-5] DEBUG com.example.demo.Controller.Home -
				login success done
2022-03-12 13:41:46 [http-nio-8080-exec-5] INFO  com.example.demo.Controller.Home -
				Authorization was successful 
2022-03-12 13:42:30 [main] INFO  c.e.demo.SpringSecurityApplication -
				Starting SpringSecurityApplication using Java 17.0.1 on INPNQLT251 with PID 116623 (/home/user/Documents/spring-security/target/classes started by user in /home/user/Documents/spring-security)
2022-03-12 13:42:30 [main] DEBUG c.e.demo.SpringSecurityApplication -
				Running with Spring Boot v2.6.4, Spring v5.3.16
2022-03-12 13:42:30 [main] INFO  c.e.demo.SpringSecurityApplication -
				No active profile set, falling back to 1 default profile: "default"
2022-03-12 13:42:31 [main] DEBUG c.e.d.config.JwtAthenticationfilter -
				Filter 'jwtAthenticationfilter' configured for use
2022-03-12 13:42:31 [main] INFO  c.e.demo.SpringSecurityApplication -
				Started SpringSecurityApplication in 1.916 seconds (JVM running for 2.378)
2022-03-12 13:44:12 [main] INFO  c.e.demo.SpringSecurityApplication -
				Starting SpringSecurityApplication using Java 17.0.1 on INPNQLT251 with PID 117947 (/home/user/Documents/spring-security/target/classes started by user in /home/user/Documents/spring-security)
2022-03-12 13:44:12 [main] DEBUG c.e.demo.SpringSecurityApplication -
				Running with Spring Boot v2.6.4, Spring v5.3.16
2022-03-12 13:44:12 [main] INFO  c.e.demo.SpringSecurityApplication -
				No active profile set, falling back to 1 default profile: "default"
2022-03-12 13:44:13 [main] DEBUG c.e.d.config.JwtAthenticationfilter -
				Filter 'jwtAthenticationfilter' configured for use
2022-03-12 13:44:13 [main] INFO  c.e.demo.SpringSecurityApplication -
				Started SpringSecurityApplication in 1.869 seconds (JVM running for 2.349)
2022-03-12 13:44:42 [http-nio-8080-exec-4] WARN  c.e.demo.Controller.JwtController -
				Use proper credential to login 
2022-03-12 13:44:42 [http-nio-8080-exec-4] INFO  c.e.demo.Controller.JwtController -
				Token Accessed
2022-03-12 13:45:01 [http-nio-8080-exec-7] WARN  c.e.demo.Controller.JwtController -
				Use proper credential to login 
2022-03-12 13:45:01 [http-nio-8080-exec-7] INFO  c.e.demo.Controller.JwtController -
				Token Accessed
2022-03-12 13:45:10 [http-nio-8080-exec-8] DEBUG com.example.demo.Controller.Home -
				login success done
2022-03-12 13:45:10 [http-nio-8080-exec-8] INFO  com.example.demo.Controller.Home -
				Authorization was successful 
2022-03-12 14:45:24 [main] INFO  c.e.demo.SpringSecurityApplication -
				Starting SpringSecurityApplication using Java 17.0.1 on INPNQLT251 with PID 153901 (/home/user/Documents/spring-security/target/classes started by user in /home/user/Documents/spring-security)
2022-03-12 14:45:24 [main] DEBUG c.e.demo.SpringSecurityApplication -
				Running with Spring Boot v2.6.4, Spring v5.3.16
2022-03-12 14:45:24 [main] INFO  c.e.demo.SpringSecurityApplication -
				No active profile set, falling back to 1 default profile: "default"
2022-03-12 14:45:26 [main] DEBUG c.e.d.config.JwtAthenticationfilter -
				Filter 'jwtAthenticationfilter' configured for use
2022-03-12 14:45:26 [main] INFO  c.e.demo.SpringSecurityApplication -
				Started SpringSecurityApplication in 1.899 seconds (JVM running for 2.369)
2022-03-12 14:45:44 [http-nio-8080-exec-1] DEBUG com.example.demo.Controller.Home -
				login success done
2022-03-12 14:45:44 [http-nio-8080-exec-1] INFO  com.example.demo.Controller.Home -
				Authorization was successful 
2022-03-12 14:48:17 [http-nio-8080-exec-4] DEBUG com.example.demo.Controller.Home -
				login success done
2022-03-12 14:48:17 [http-nio-8080-exec-4] INFO  com.example.demo.Controller.Home -
				Authorization was successful 
2022-03-12 14:48:30 [http-nio-8080-exec-6] WARN  c.e.demo.Controller.JwtController -
				Use proper credential to login 
2022-03-12 14:48:30 [http-nio-8080-exec-6] INFO  c.e.demo.Controller.JwtController -
				Token Accessed
2022-03-12 14:48:54 [http-nio-8080-exec-7] WARN  c.e.demo.Controller.JwtController -
				Use proper credential to login 
2022-03-12 14:48:54 [http-nio-8080-exec-7] INFO  c.e.demo.Controller.JwtController -
				Token Accessed
2022-03-12 14:49:38 [main] INFO  c.e.demo.SpringSecurityApplication -
				Starting SpringSecurityApplication using Java 17.0.1 on INPNQLT251 with PID 154195 (/home/user/Documents/spring-security/target/classes started by user in /home/user/Documents/spring-security)
2022-03-12 14:49:38 [main] DEBUG c.e.demo.SpringSecurityApplication -
				Running with Spring Boot v2.6.4, Spring v5.3.16
2022-03-12 14:49:38 [main] INFO  c.e.demo.SpringSecurityApplication -
				No active profile set, falling back to 1 default profile: "default"
2022-03-12 14:49:39 [main] DEBUG c.e.d.config.JwtAthenticationfilter -
				Filter 'jwtAthenticationfilter' configured for use
2022-03-12 14:49:40 [main] INFO  c.e.demo.SpringSecurityApplication -
				Started SpringSecurityApplication in 1.732 seconds (JVM running for 2.226)
2022-03-12 15:04:51 [main] INFO  c.e.demo.SpringSecurityApplication -
				Starting SpringSecurityApplication using Java 17.0.1 on INPNQLT251 with PID 154798 (/home/user/Documents/spring-security/target/classes started by user in /home/user/Documents/spring-security)
2022-03-12 15:04:51 [main] DEBUG c.e.demo.SpringSecurityApplication -
				Running with Spring Boot v2.6.4, Spring v5.3.16
2022-03-12 15:04:51 [main] INFO  c.e.demo.SpringSecurityApplication -
				No active profile set, falling back to 1 default profile: "default"
2022-03-12 15:04:52 [main] DEBUG c.e.d.config.JwtAthenticationfilter -
				Filter 'jwtAthenticationfilter' configured for use
2022-03-12 15:04:53 [main] INFO  c.e.demo.SpringSecurityApplication -
				Started SpringSecurityApplication in 1.788 seconds (JVM running for 2.273)
2022-03-12 15:05:11 [http-nio-8080-exec-4] DEBUG com.example.demo.Controller.Home -
				login success done
2022-03-12 15:05:11 [http-nio-8080-exec-4] INFO  com.example.demo.Controller.Home -
				Authorization was successful 
2022-03-12 15:10:08 [main] INFO  c.e.demo.SpringSecurityApplication -
				Starting SpringSecurityApplication using Java 17.0.1 on INPNQLT251 with PID 155115 (/home/user/Documents/spring-security/target/classes started by user in /home/user/Documents/spring-security)
2022-03-12 15:10:08 [main] DEBUG c.e.demo.SpringSecurityApplication -
				Running with Spring Boot v2.6.4, Spring v5.3.16
2022-03-12 15:10:08 [main] INFO  c.e.demo.SpringSecurityApplication -
				No active profile set, falling back to 1 default profile: "default"
2022-03-12 15:10:09 [main] DEBUG c.e.d.config.JwtAthenticationfilter -
				Filter 'jwtAthenticationfilter' configured for use
2022-03-12 15:10:09 [main] INFO  c.e.demo.SpringSecurityApplication -
				Started SpringSecurityApplication in 1.762 seconds (JVM running for 2.192)
2022-03-12 15:10:27 [http-nio-8080-exec-4] DEBUG com.example.demo.Controller.Home -
				login success done
2022-03-12 15:10:27 [http-nio-8080-exec-4] INFO  com.example.demo.Controller.Home -
				Authorization was successful 
2022-03-12 15:10:45 [main] INFO  c.e.demo.SpringSecurityApplication -
				Starting SpringSecurityApplication using Java 17.0.1 on INPNQLT251 with PID 155198 (/home/user/Documents/spring-security/target/classes started by user in /home/user/Documents/spring-security)
2022-03-12 15:10:45 [main] DEBUG c.e.demo.SpringSecurityApplication -
				Running with Spring Boot v2.6.4, Spring v5.3.16
2022-03-12 15:10:45 [main] INFO  c.e.demo.SpringSecurityApplication -
				No active profile set, falling back to 1 default profile: "default"
2022-03-12 15:10:46 [main] DEBUG c.e.d.config.JwtAthenticationfilter -
				Filter 'jwtAthenticationfilter' configured for use
2022-03-12 15:12:00 [main] INFO  c.e.demo.SpringSecurityApplication -
				Starting SpringSecurityApplication using Java 17.0.1 on INPNQLT251 with PID 155333 (/home/user/Documents/spring-security/target/classes started by user in /home/user/Documents/spring-security)
2022-03-12 15:12:00 [main] DEBUG c.e.demo.SpringSecurityApplication -
				Running with Spring Boot v2.6.4, Spring v5.3.16
2022-03-12 15:12:00 [main] INFO  c.e.demo.SpringSecurityApplication -
				No active profile set, falling back to 1 default profile: "default"
2022-03-12 15:12:01 [main] DEBUG c.e.d.config.JwtAthenticationfilter -
				Filter 'jwtAthenticationfilter' configured for use
2022-03-12 15:24:07 [http-nio-8080-exec-7] DEBUG com.example.demo.Controller.Home -
				login success done
2022-03-12 15:24:07 [http-nio-8080-exec-7] INFO  com.example.demo.Controller.Home -
				Authorization was successful 
2022-03-12 15:24:38 [http-nio-8080-exec-8] DEBUG com.example.demo.Controller.Home -
				login success done
2022-03-12 15:24:38 [http-nio-8080-exec-8] INFO  com.example.demo.Controller.Home -
				Authorization was successful 
2022-03-12 15:24:57 [http-nio-8080-exec-9] DEBUG com.example.demo.Controller.Home -
				login success done
2022-03-12 15:24:57 [http-nio-8080-exec-9] INFO  com.example.demo.Controller.Home -
				Authorization was successful 
2022-03-12 15:26:10 [http-nio-8080-exec-2] DEBUG com.example.demo.Controller.Home -
				login success done
2022-03-12 15:26:10 [http-nio-8080-exec-2] INFO  com.example.demo.Controller.Home -
				Authorization was successful 
2022-03-12 15:26:25 [http-nio-8080-exec-4] WARN  c.e.demo.Controller.JwtController -
				Use proper credential to login 
2022-03-12 15:26:25 [http-nio-8080-exec-4] INFO  c.e.demo.Controller.JwtController -
				Token Accessed
2022-03-12 15:26:32 [http-nio-8080-exec-5] WARN  c.e.demo.Controller.JwtController -
				Use proper credential to login 
2022-03-12 15:26:32 [http-nio-8080-exec-5] INFO  c.e.demo.Controller.JwtController -
				Token Accessed
2022-03-12 15:27:32 [http-nio-8080-exec-6] DEBUG com.example.demo.Controller.Home -
				login success done
2022-03-12 15:27:32 [http-nio-8080-exec-6] INFO  com.example.demo.Controller.Home -
				Authorization was successful 
2022-03-12 16:01:29 [main] INFO  c.e.demo.SpringSecurityApplication -
				Starting SpringSecurityApplication using Java 17.0.1 on INPNQLT251 with PID 156377 (/home/user/Documents/spring-security/target/classes started by user in /home/user/Documents/spring-security)
2022-03-12 16:01:29 [main] DEBUG c.e.demo.SpringSecurityApplication -
				Running with Spring Boot v2.6.4, Spring v5.3.16
2022-03-12 16:01:29 [main] INFO  c.e.demo.SpringSecurityApplication -
				No active profile set, falling back to 1 default profile: "default"
2022-03-12 16:01:31 [main] DEBUG c.e.d.config.JwtAthenticationfilter -
				Filter 'jwtAthenticationfilter' configured for use
2022-03-12 16:01:31 [main] INFO  c.e.demo.SpringSecurityApplication -
				Started SpringSecurityApplication in 1.966 seconds (JVM running for 2.431)
2022-03-12 16:02:06 [http-nio-8080-exec-10] DEBUG com.example.demo.Controller.Home -
				login success done
2022-03-12 16:02:06 [http-nio-8080-exec-10] INFO  com.example.demo.Controller.Home -
				Authorization was successful 
2022-03-12 16:10:10 [http-nio-8080-exec-3] WARN  c.e.demo.Controller.JwtController -
				Use proper credential to login 
2022-03-12 16:10:10 [http-nio-8080-exec-3] INFO  c.e.demo.Controller.JwtController -
				Token Accessed
2022-03-12 19:37:41 [http-nio-8080-exec-6] WARN  c.e.demo.Controller.JwtController -
				Use proper credential to login 
2022-03-12 19:37:41 [http-nio-8080-exec-6] INFO  c.e.demo.Controller.JwtController -
				Token Accessed
2022-03-12 19:37:50 [http-nio-8080-exec-7] WARN  c.e.demo.Controller.JwtController -
				Use proper credential to login 
2022-03-12 19:37:50 [http-nio-8080-exec-7] INFO  c.e.demo.Controller.JwtController -
				Token Accessed
2022-03-12 20:46:44 [main] INFO  c.e.demo.SpringSecurityApplication -
				Starting SpringSecurityApplication using Java 17.0.1 on INPNQLT251 with PID 163703 (/home/user/Documents/spring-security/target/classes started by user in /home/user/Documents/spring-security)
2022-03-12 20:46:44 [main] DEBUG c.e.demo.SpringSecurityApplication -
				Running with Spring Boot v2.6.4, Spring v5.3.16
2022-03-12 20:46:44 [main] INFO  c.e.demo.SpringSecurityApplication -
				No active profile set, falling back to 1 default profile: "default"
2022-03-12 20:46:45 [main] DEBUG c.e.d.config.JwtAthenticationfilter -
				Filter 'jwtAthenticationfilter' configured for use
2022-03-12 20:47:06 [main] INFO  c.e.demo.SpringSecurityApplication -
				Starting SpringSecurityApplication using Java 17.0.1 on INPNQLT251 with PID 163766 (/home/user/Documents/spring-security/target/classes started by user in /home/user/Documents/spring-security)
2022-03-12 20:47:06 [main] DEBUG c.e.demo.SpringSecurityApplication -
				Running with Spring Boot v2.6.4, Spring v5.3.16
2022-03-12 20:47:06 [main] INFO  c.e.demo.SpringSecurityApplication -
				No active profile set, falling back to 1 default profile: "default"
2022-03-12 20:47:07 [main] DEBUG c.e.d.config.JwtAthenticationfilter -
				Filter 'jwtAthenticationfilter' configured for use
2022-03-12 20:50:15 [main] INFO  c.e.demo.SpringSecurityApplication -
				Starting SpringSecurityApplication using Java 17.0.1 on INPNQLT251 with PID 163919 (/home/user/Documents/spring-security/target/classes started by user in /home/user/Documents/spring-security)
2022-03-12 20:50:15 [main] DEBUG c.e.demo.SpringSecurityApplication -
				Running with Spring Boot v2.6.4, Spring v5.3.16
2022-03-12 20:50:15 [main] INFO  c.e.demo.SpringSecurityApplication -
				No active profile set, falling back to 1 default profile: "default"
2022-03-12 20:50:16 [main] DEBUG c.e.d.config.JwtAthenticationfilter -
				Filter 'jwtAthenticationfilter' configured for use
2022-03-12 20:51:07 [main] INFO  c.e.demo.SpringSecurityApplication -
				Starting SpringSecurityApplication using Java 17.0.1 on INPNQLT251 with PID 163993 (/home/user/Documents/spring-security/target/classes started by user in /home/user/Documents/spring-security)
2022-03-12 20:51:07 [main] DEBUG c.e.demo.SpringSecurityApplication -
				Running with Spring Boot v2.6.4, Spring v5.3.16
2022-03-12 20:51:07 [main] INFO  c.e.demo.SpringSecurityApplication -
				No active profile set, falling back to 1 default profile: "default"
2022-03-12 20:51:08 [main] DEBUG c.e.d.config.JwtAthenticationfilter -
				Filter 'jwtAthenticationfilter' configured for use
2022-03-12 20:52:35 [main] INFO  c.e.demo.SpringSecurityApplication -
				Starting SpringSecurityApplication using Java 17.0.1 on INPNQLT251 with PID 164075 (/home/user/Documents/spring-security/target/classes started by user in /home/user/Documents/spring-security)
2022-03-12 20:52:35 [main] DEBUG c.e.demo.SpringSecurityApplication -
				Running with Spring Boot v2.6.4, Spring v5.3.16
2022-03-12 20:52:35 [main] INFO  c.e.demo.SpringSecurityApplication -
				No active profile set, falling back to 1 default profile: "default"
2022-03-12 20:52:36 [main] DEBUG c.e.d.config.JwtAthenticationfilter -
				Filter 'jwtAthenticationfilter' configured for use
2022-03-12 20:56:25 [main] INFO  c.e.demo.SpringSecurityApplication -
				Starting SpringSecurityApplication using Java 17.0.1 on INPNQLT251 with PID 164318 (/home/user/Documents/spring-security/target/classes started by user in /home/user/Documents/spring-security)
2022-03-12 20:56:25 [main] DEBUG c.e.demo.SpringSecurityApplication -
				Running with Spring Boot v2.6.4, Spring v5.3.16
2022-03-12 20:56:25 [main] INFO  c.e.demo.SpringSecurityApplication -
				No active profile set, falling back to 1 default profile: "default"
2022-03-12 20:56:26 [main] DEBUG c.e.d.config.JwtAthenticationfilter -
				Filter 'jwtAthenticationfilter' configured for use
2022-03-12 20:57:19 [main] INFO  c.e.demo.SpringSecurityApplication -
				Starting SpringSecurityApplication using Java 17.0.1 on INPNQLT251 with PID 164483 (/home/user/Documents/spring-security/target/classes started by user in /home/user/Documents/spring-security)
2022-03-12 20:57:19 [main] DEBUG c.e.demo.SpringSecurityApplication -
				Running with Spring Boot v2.6.4, Spring v5.3.16
2022-03-12 20:57:19 [main] INFO  c.e.demo.SpringSecurityApplication -
				No active profile set, falling back to 1 default profile: "default"
2022-03-12 20:57:21 [main] DEBUG c.e.d.config.JwtAthenticationfilter -
				Filter 'jwtAthenticationfilter' configured for use
2022-03-12 20:57:22 [main] INFO  c.e.demo.SpringSecurityApplication -
				Starting SpringSecurityApplication using Java 17.0.1 on INPNQLT251 with PID 164547 (/home/user/Documents/spring-security/target/classes started by user in /home/user/Documents/spring-security)
2022-03-12 20:57:22 [main] DEBUG c.e.demo.SpringSecurityApplication -
				Running with Spring Boot v2.6.4, Spring v5.3.16
2022-03-12 20:57:22 [main] INFO  c.e.demo.SpringSecurityApplication -
				No active profile set, falling back to 1 default profile: "default"
2022-03-12 20:57:23 [main] DEBUG c.e.d.config.JwtAthenticationfilter -
				Filter 'jwtAthenticationfilter' configured for use
2022-03-12 21:01:03 [main] INFO  c.e.demo.SpringSecurityApplication -
				Starting SpringSecurityApplication using Java 17.0.1 on INPNQLT251 with PID 168258 (/home/user/Documents/spring-security/target/classes started by user in /home/user/Documents/spring-security)
2022-03-12 21:01:03 [main] DEBUG c.e.demo.SpringSecurityApplication -
				Running with Spring Boot v2.6.4, Spring v5.3.16
2022-03-12 21:01:03 [main] INFO  c.e.demo.SpringSecurityApplication -
				No active profile set, falling back to 1 default profile: "default"
2022-03-12 21:01:04 [main] DEBUG c.e.d.config.JwtAthenticationfilter -
				Filter 'jwtAthenticationfilter' configured for use
2022-03-12 21:04:07 [main] INFO  c.e.demo.SpringSecurityApplication -
				Starting SpringSecurityApplication using Java 17.0.1 on INPNQLT251 with PID 171347 (/home/user/Documents/spring-security/target/classes started by user in /home/user/Documents/spring-security)
2022-03-12 21:04:07 [main] DEBUG c.e.demo.SpringSecurityApplication -
				Running with Spring Boot v2.6.4, Spring v5.3.16
2022-03-12 21:04:07 [main] INFO  c.e.demo.SpringSecurityApplication -
				No active profile set, falling back to 1 default profile: "default"
2022-03-12 21:04:09 [main] DEBUG c.e.d.config.JwtAthenticationfilter -
				Filter 'jwtAthenticationfilter' configured for use
2022-03-12 21:21:12 [main] INFO  c.e.demo.SpringSecurityApplication -
				Starting SpringSecurityApplication using Java 17.0.1 on INPNQLT251 with PID 184526 (/home/user/Documents/spring-security/target/classes started by user in /home/user/Documents/spring-security)
2022-03-12 21:21:12 [main] DEBUG c.e.demo.SpringSecurityApplication -
				Running with Spring Boot v2.6.4, Spring v5.3.16
2022-03-12 21:21:12 [main] INFO  c.e.demo.SpringSecurityApplication -
				No active profile set, falling back to 1 default profile: "default"
2022-03-12 21:21:12 [main] DEBUG c.e.d.config.JwtAthenticationfilter -
				Filter 'jwtAthenticationfilter' configured for use
2022-03-12 21:21:13 [main] INFO  c.e.demo.SpringSecurityApplication -
				Started SpringSecurityApplication in 1.597 seconds (JVM running for 2.141)
2022-03-12 21:21:25 [http-nio-8080-exec-2] WARN  c.e.demo.Controller.JwtController -
				Use proper credential to login 
2022-03-12 21:21:25 [http-nio-8080-exec-2] INFO  c.e.demo.Controller.JwtController -
				Token Accessed
2022-03-12 21:24:51 [main] INFO  c.e.demo.SpringSecurityApplication -
				Starting SpringSecurityApplication using Java 17.0.1 on INPNQLT251 with PID 187009 (/home/user/Documents/spring-security/target/classes started by user in /home/user/Documents/spring-security)
2022-03-12 21:24:51 [main] DEBUG c.e.demo.SpringSecurityApplication -
				Running with Spring Boot v2.6.4, Spring v5.3.16
2022-03-12 21:24:51 [main] INFO  c.e.demo.SpringSecurityApplication -
				No active profile set, falling back to 1 default profile: "default"
2022-03-12 21:24:52 [main] DEBUG c.e.d.config.JwtAthenticationfilter -
				Filter 'jwtAthenticationfilter' configured for use
2022-03-12 21:25:02 [http-nio-8080-exec-5] WARN  c.e.demo.Controller.JwtController -
				Use proper credential to login 
2022-03-12 21:25:02 [http-nio-8080-exec-5] INFO  c.e.demo.Controller.JwtController -
				Token Accessed
2022-03-12 21:25:20 [http-nio-8080-exec-7] WARN  c.e.demo.Controller.JwtController -
				Use proper credential to login 
2022-03-12 21:25:20 [http-nio-8080-exec-7] INFO  c.e.demo.Controller.JwtController -
				Token Accessed
2022-03-12 21:26:00 [http-nio-8080-exec-9] WARN  c.e.demo.Controller.JwtController -
				Use proper credential to login 
2022-03-12 21:26:00 [http-nio-8080-exec-9] INFO  c.e.demo.Controller.JwtController -
				Token Accessed
2022-03-12 21:26:42 [http-nio-8080-exec-10] WARN  c.e.demo.Controller.JwtController -
				Use proper credential to login 
2022-03-12 21:26:42 [http-nio-8080-exec-10] INFO  c.e.demo.Controller.JwtController -
				Token Accessed
2022-03-12 21:26:51 [http-nio-8080-exec-1] DEBUG com.example.demo.Controller.Home -
				login success done
2022-03-12 21:26:51 [http-nio-8080-exec-1] INFO  com.example.demo.Controller.Home -
				Authorization was successful 
2022-03-12 21:28:44 [main] INFO  c.e.demo.SpringSecurityApplication -
				Starting SpringSecurityApplication using Java 17.0.1 on INPNQLT251 with PID 189976 (/home/user/Documents/spring-security/target/classes started by user in /home/user/Documents/spring-security)
2022-03-12 21:28:44 [main] DEBUG c.e.demo.SpringSecurityApplication -
				Running with Spring Boot v2.6.4, Spring v5.3.16
2022-03-12 21:28:44 [main] INFO  c.e.demo.SpringSecurityApplication -
				No active profile set, falling back to 1 default profile: "default"
2022-03-12 21:28:45 [main] DEBUG c.e.d.config.JwtAthenticationfilter -
				Filter 'jwtAthenticationfilter' configured for use
2022-03-12 21:28:45 [main] INFO  c.e.demo.SpringSecurityApplication -
				Started SpringSecurityApplication in 1.907 seconds (JVM running for 2.348)
2022-03-12 21:29:04 [http-nio-8080-exec-5] WARN  c.e.demo.Controller.JwtController -
				Use proper credential to login 
2022-03-12 21:29:04 [http-nio-8080-exec-5] INFO  c.e.demo.Controller.JwtController -
				Token Accessed
2022-03-12 21:29:33 [http-nio-8080-exec-6] DEBUG com.example.demo.Controller.Home -
				login success done
2022-03-12 21:29:33 [http-nio-8080-exec-6] INFO  com.example.demo.Controller.Home -
				Authorization was successful 
2022-03-12 21:29:41 [http-nio-8080-exec-7] DEBUG com.example.demo.Controller.Home -
				login success done
2022-03-12 21:29:41 [http-nio-8080-exec-7] INFO  com.example.demo.Controller.Home -
				Authorization was successful 
2022-03-12 21:58:20 [main] INFO  c.e.demo.SpringSecurityApplication -
				Starting SpringSecurityApplication using Java 17.0.1 on INPNQLT251 with PID 207086 (/home/user/Documents/spring-security/target/classes started by user in /home/user/Documents/spring-security)
2022-03-12 21:58:20 [main] DEBUG c.e.demo.SpringSecurityApplication -
				Running with Spring Boot v2.6.4, Spring v5.3.16
2022-03-12 21:58:20 [main] INFO  c.e.demo.SpringSecurityApplication -
				No active profile set, falling back to 1 default profile: "default"
2022-03-12 22:14:07 [main] INFO  c.e.demo.SpringSecurityApplication -
				Starting SpringSecurityApplication using Java 17.0.1 on INPNQLT251 with PID 218651 (/home/user/Documents/spring-security/target/classes started by user in /home/user/Documents/spring-security)
2022-03-12 22:14:07 [main] DEBUG c.e.demo.SpringSecurityApplication -
				Running with Spring Boot v2.6.4, Spring v5.3.16
2022-03-12 22:14:07 [main] INFO  c.e.demo.SpringSecurityApplication -
				No active profile set, falling back to 1 default profile: "default"
2022-03-12 22:14:08 [main] DEBUG c.e.d.config.JwtAthenticationfilter -
				Filter 'jwtAthenticationfilter' configured for use
2022-03-12 22:14:09 [main] INFO  c.e.demo.SpringSecurityApplication -
				Started SpringSecurityApplication in 1.968 seconds (JVM running for 2.548)
2022-03-12 22:22:29 [main] INFO  c.e.demo.SpringSecurityApplication -
				Starting SpringSecurityApplication using Java 17.0.1 on INPNQLT251 with PID 225024 (/home/user/Documents/spring-security/target/classes started by user in /home/user/Documents/spring-security)
2022-03-12 22:22:29 [main] DEBUG c.e.demo.SpringSecurityApplication -
				Running with Spring Boot v2.6.4, Spring v5.3.16
2022-03-12 22:22:29 [main] INFO  c.e.demo.SpringSecurityApplication -
				No active profile set, falling back to 1 default profile: "default"
2022-03-12 22:22:30 [main] DEBUG c.e.d.config.JwtAthenticationfilter -
				Filter 'jwtAthenticationfilter' configured for use
2022-03-12 22:22:31 [main] INFO  c.e.demo.SpringSecurityApplication -
				Started SpringSecurityApplication in 2.196 seconds (JVM running for 2.675)
2022-03-12 22:31:04 [main] INFO  c.e.demo.SpringSecurityApplication -
				Starting SpringSecurityApplication using Java 17.0.1 on INPNQLT251 with PID 231527 (/home/user/Documents/spring-security/target/classes started by user in /home/user/Documents/spring-security)
2022-03-12 22:31:04 [main] DEBUG c.e.demo.SpringSecurityApplication -
				Running with Spring Boot v2.6.4, Spring v5.3.16
2022-03-12 22:31:04 [main] INFO  c.e.demo.SpringSecurityApplication -
				No active profile set, falling back to 1 default profile: "default"
2022-03-12 22:31:05 [main] DEBUG c.e.d.config.JwtAthenticationfilter -
				Filter 'jwtAthenticationfilter' configured for use
2022-03-12 22:31:05 [main] INFO  c.e.demo.SpringSecurityApplication -
				Started SpringSecurityApplication in 2.111 seconds (JVM running for 2.646)
2022-03-12 22:37:08 [main] INFO  c.e.demo.SpringSecurityApplication -
				Starting SpringSecurityApplication using Java 17.0.1 on INPNQLT251 with PID 236137 (/home/user/Documents/spring-security/target/classes started by user in /home/user/Documents/spring-security)
2022-03-12 22:37:08 [main] DEBUG c.e.demo.SpringSecurityApplication -
				Running with Spring Boot v2.6.4, Spring v5.3.16
2022-03-12 22:37:08 [main] INFO  c.e.demo.SpringSecurityApplication -
				No active profile set, falling back to 1 default profile: "default"
2022-03-12 22:37:10 [main] DEBUG c.e.d.config.JwtAthenticationfilter -
				Filter 'jwtAthenticationfilter' configured for use
2022-03-12 22:37:10 [main] INFO  c.e.demo.SpringSecurityApplication -
				Started SpringSecurityApplication in 2.183 seconds (JVM running for 2.717)
2022-03-12 22:41:14 [main] INFO  c.e.demo.SpringSecurityApplication -
				Starting SpringSecurityApplication using Java 17.0.1 on INPNQLT251 with PID 239290 (/home/user/Documents/spring-security/target/classes started by user in /home/user/Documents/spring-security)
2022-03-12 22:41:14 [main] DEBUG c.e.demo.SpringSecurityApplication -
				Running with Spring Boot v2.6.4, Spring v5.3.16
2022-03-12 22:41:14 [main] INFO  c.e.demo.SpringSecurityApplication -
				No active profile set, falling back to 1 default profile: "default"
2022-03-12 22:41:15 [main] DEBUG c.e.d.config.JwtAthenticationfilter -
				Filter 'jwtAthenticationfilter' configured for use
2022-03-12 22:41:15 [main] INFO  c.e.demo.SpringSecurityApplication -
				Started SpringSecurityApplication in 2.027 seconds (JVM running for 2.528)
2022-03-12 22:42:39 [http-nio-8080-exec-6] WARN  c.e.demo.Controller.JwtController -
				Use proper credential to login 
2022-03-12 22:42:39 [http-nio-8080-exec-6] INFO  c.e.demo.Controller.JwtController -
				Token Accessed
2022-03-12 22:43:06 [http-nio-8080-exec-7] DEBUG com.example.demo.Controller.Home -
				login success done
2022-03-12 22:43:06 [http-nio-8080-exec-7] INFO  com.example.demo.Controller.Home -
				Authorization was successful 
2022-03-12 22:45:05 [http-nio-8080-exec-10] DEBUG com.example.demo.Controller.Home -
				login success done
2022-03-12 22:45:05 [http-nio-8080-exec-10] INFO  com.example.demo.Controller.Home -
				Authorization was successful 
2022-03-12 22:53:04 [http-nio-8080-exec-4] WARN  c.e.demo.Controller.JwtController -
				Use proper credential to login 
2022-03-12 22:53:04 [http-nio-8080-exec-4] INFO  c.e.demo.Controller.JwtController -
				Token Accessed
2022-03-12 22:53:11 [main] INFO  c.e.demo.SpringSecurityApplication -
				Starting SpringSecurityApplication using Java 17.0.1 on INPNQLT251 with PID 248141 (/home/user/Documents/spring-security/target/classes started by user in /home/user/Documents/spring-security)
2022-03-12 22:53:11 [main] DEBUG c.e.demo.SpringSecurityApplication -
				Running with Spring Boot v2.6.4, Spring v5.3.16
2022-03-12 22:53:11 [main] INFO  c.e.demo.SpringSecurityApplication -
				No active profile set, falling back to 1 default profile: "default"
2022-03-12 22:53:12 [main] DEBUG c.e.d.config.JwtAthenticationfilter -
				Filter 'jwtAthenticationfilter' configured for use
2022-03-12 22:53:13 [main] INFO  c.e.demo.SpringSecurityApplication -
				Started SpringSecurityApplication in 2.032 seconds (JVM running for 2.5)
2022-03-12 22:53:30 [http-nio-8080-exec-1] WARN  c.e.demo.Controller.JwtController -
				Use proper credential to login 
2022-03-12 22:53:30 [http-nio-8080-exec-1] ERROR c.e.demo.Controller.JwtController -
				Error !!!Wrong Credentials
2022-03-12 22:54:06 [http-nio-8080-exec-4] WARN  c.e.demo.Controller.JwtController -
				Use proper credential to login 
2022-03-12 22:54:06 [http-nio-8080-exec-4] INFO  c.e.demo.Controller.JwtController -
				Token Accessed
2022-03-12 22:54:16 [http-nio-8080-exec-5] WARN  c.e.demo.Controller.JwtController -
				Use proper credential to login 
2022-03-12 22:54:16 [http-nio-8080-exec-5] INFO  c.e.demo.Controller.JwtController -
				Token Accessed
2022-03-12 22:55:08 [http-nio-8080-exec-7] WARN  c.e.demo.Controller.JwtController -
				Use proper credential to login 
2022-03-12 22:55:08 [http-nio-8080-exec-7] INFO  c.e.demo.Controller.JwtController -
				Token Accessed
2022-03-12 23:08:29 [http-nio-8080-exec-6] WARN  c.e.demo.Controller.JwtController -
				Use proper credential to login 
2022-03-12 23:08:29 [http-nio-8080-exec-6] INFO  c.e.demo.Controller.JwtController -
				Token Accessed
