2022-03-06 17:35:21 [main] INFO  c.e.demo.SpringSecurityApplication -
				Starting SpringSecurityApplication using Java 17.0.1 on INPNQLT251 with PID 2132929 (/home/user/Documents/spring-security/target/classes started by user in /home/user/Documents/spring-security)
2022-03-06 17:35:21 [main] DEBUG c.e.demo.SpringSecurityApplication -
				Running with Spring Boot v2.6.4, Spring v5.3.16
2022-03-06 17:35:21 [main] INFO  c.e.demo.SpringSecurityApplication -
				No active profile set, falling back to 1 default profile: "default"
2022-03-06 17:35:23 [main] DEBUG c.e.d.config.JwtAthenticationfilter -
				Filter 'jwtAthenticationfilter' configured for use
2022-03-06 17:35:50 [main] INFO  c.e.demo.SpringSecurityApplication -
				Starting SpringSecurityApplication using Java 17.0.1 on INPNQLT251 with PID 2133400 (/home/user/Documents/spring-security/target/classes started by user in /home/user/Documents/spring-security)
2022-03-06 17:35:50 [main] DEBUG c.e.demo.SpringSecurityApplication -
				Running with Spring Boot v2.6.4, Spring v5.3.16
2022-03-06 17:35:50 [main] INFO  c.e.demo.SpringSecurityApplication -
				No active profile set, falling back to 1 default profile: "default"
2022-03-06 17:35:51 [main] DEBUG c.e.d.config.JwtAthenticationfilter -
				Filter 'jwtAthenticationfilter' configured for use
2022-03-06 17:37:14 [main] INFO  c.e.demo.SpringSecurityApplication -
				Starting SpringSecurityApplication using Java 17.0.1 on INPNQLT251 with PID 2134573 (/home/user/Documents/spring-security/target/classes started by user in /home/user/Documents/spring-security)
2022-03-06 17:37:14 [main] DEBUG c.e.demo.SpringSecurityApplication -
				Running with Spring Boot v2.6.4, Spring v5.3.16
2022-03-06 17:37:14 [main] INFO  c.e.demo.SpringSecurityApplication -
				No active profile set, falling back to 1 default profile: "default"
2022-03-06 17:37:15 [main] DEBUG c.e.d.config.JwtAthenticationfilter -
				Filter 'jwtAthenticationfilter' configured for use
2022-03-06 17:37:16 [main] INFO  c.e.demo.SpringSecurityApplication -
				Started SpringSecurityApplication in 1.969 seconds (JVM running for 2.418)
2022-03-06 17:43:40 [http-nio-8080-exec-1] WARN  c.e.demo.Controller.JwtController -
				Use proper credential to login 
2022-03-06 17:43:40 [http-nio-8080-exec-1] INFO  c.e.demo.Controller.JwtController -
				Token Accessed
2022-03-06 17:54:47 [main] INFO  c.e.demo.SpringSecurityApplication -
				Starting SpringSecurityApplication using Java 17.0.1 on INPNQLT251 with PID 2148083 (/home/user/Documents/spring-security/target/classes started by user in /home/user/Documents/spring-security)
2022-03-06 17:54:47 [main] DEBUG c.e.demo.SpringSecurityApplication -
				Running with Spring Boot v2.6.4, Spring v5.3.16
2022-03-06 17:54:47 [main] INFO  c.e.demo.SpringSecurityApplication -
				No active profile set, falling back to 1 default profile: "default"
2022-03-06 17:54:48 [main] DEBUG c.e.d.config.JwtAthenticationfilter -
				Filter 'jwtAthenticationfilter' configured for use
2022-03-06 17:54:48 [main] INFO  c.e.demo.SpringSecurityApplication -
				Started SpringSecurityApplication in 1.931 seconds (JVM running for 2.47)
2022-03-06 18:33:14 [main] INFO  c.e.demo.SpringSecurityApplication -
				Starting SpringSecurityApplication using Java 17.0.1 on INPNQLT251 with PID 2157886 (/home/user/Documents/spring-security/target/classes started by user in /home/user/Documents/spring-security)
2022-03-06 18:33:14 [main] DEBUG c.e.demo.SpringSecurityApplication -
				Running with Spring Boot v2.6.4, Spring v5.3.16
2022-03-06 18:33:14 [main] INFO  c.e.demo.SpringSecurityApplication -
				No active profile set, falling back to 1 default profile: "default"
2022-03-06 18:33:15 [main] DEBUG c.e.d.config.JwtAthenticationfilter -
				Filter 'jwtAthenticationfilter' configured for use
2022-03-06 18:33:15 [main] INFO  c.e.demo.SpringSecurityApplication -
				Started SpringSecurityApplication in 1.928 seconds (JVM running for 2.496)
2022-03-06 18:43:34 [main] INFO  c.e.demo.SpringSecurityApplication -
				Starting SpringSecurityApplication using Java 17.0.1 on INPNQLT251 with PID 2183680 (/home/user/Documents/spring-security/target/classes started by user in /home/user/Documents/spring-security)
2022-03-06 18:43:34 [main] DEBUG c.e.demo.SpringSecurityApplication -
				Running with Spring Boot v2.6.4, Spring v5.3.16
2022-03-06 18:43:34 [main] INFO  c.e.demo.SpringSecurityApplication -
				No active profile set, falling back to 1 default profile: "default"
2022-03-06 18:43:35 [main] DEBUG c.e.d.config.JwtAthenticationfilter -
				Filter 'jwtAthenticationfilter' configured for use
2022-03-06 18:43:36 [main] INFO  c.e.demo.SpringSecurityApplication -
				Started SpringSecurityApplication in 1.735 seconds (JVM running for 2.235)
2022-03-06 18:43:51 [main] INFO  c.e.demo.SpringSecurityApplication -
				Starting SpringSecurityApplication using Java 17.0.1 on INPNQLT251 with PID 2183933 (/home/user/Documents/spring-security/target/classes started by user in /home/user/Documents/spring-security)
2022-03-06 18:43:51 [main] DEBUG c.e.demo.SpringSecurityApplication -
				Running with Spring Boot v2.6.4, Spring v5.3.16
2022-03-06 18:43:51 [main] INFO  c.e.demo.SpringSecurityApplication -
				No active profile set, falling back to 1 default profile: "default"
2022-03-06 18:43:52 [main] DEBUG c.e.d.config.JwtAthenticationfilter -
				Filter 'jwtAthenticationfilter' configured for use
2022-03-06 18:44:31 [main] INFO  c.e.demo.SpringSecurityApplication -
				Starting SpringSecurityApplication using Java 17.0.1 on INPNQLT251 with PID 2184543 (/home/user/Documents/spring-security/target/classes started by user in /home/user/Documents/spring-security)
2022-03-06 18:44:31 [main] DEBUG c.e.demo.SpringSecurityApplication -
				Running with Spring Boot v2.6.4, Spring v5.3.16
2022-03-06 18:44:31 [main] INFO  c.e.demo.SpringSecurityApplication -
				No active profile set, falling back to 1 default profile: "default"
2022-03-06 18:44:32 [main] DEBUG c.e.d.config.JwtAthenticationfilter -
				Filter 'jwtAthenticationfilter' configured for use
2022-03-06 18:44:33 [main] INFO  c.e.demo.SpringSecurityApplication -
				Started SpringSecurityApplication in 1.723 seconds (JVM running for 2.247)
2022-03-06 18:45:10 [main] INFO  c.e.demo.SpringSecurityApplication -
				Starting SpringSecurityApplication using Java 17.0.1 on INPNQLT251 with PID 2185161 (/home/user/Documents/spring-security/target/classes started by user in /home/user/Documents/spring-security)
2022-03-06 18:45:11 [main] DEBUG c.e.demo.SpringSecurityApplication -
				Running with Spring Boot v2.6.4, Spring v5.3.16
2022-03-06 18:45:11 [main] INFO  c.e.demo.SpringSecurityApplication -
				No active profile set, falling back to 1 default profile: "default"
2022-03-06 18:45:12 [main] DEBUG c.e.d.config.JwtAthenticationfilter -
				Filter 'jwtAthenticationfilter' configured for use
2022-03-06 18:45:12 [main] INFO  c.e.demo.SpringSecurityApplication -
				Started SpringSecurityApplication in 1.738 seconds (JVM running for 2.181)
2022-03-06 18:47:47 [http-nio-8080-exec-2] WARN  c.e.demo.Controller.JwtController -
				Use proper credential to login 
2022-03-06 18:47:47 [http-nio-8080-exec-2] INFO  c.e.demo.Controller.JwtController -
				Token Accessed
2022-03-06 18:48:22 [main] INFO  c.e.demo.SpringSecurityApplication -
				Starting SpringSecurityApplication using Java 17.0.1 on INPNQLT251 with PID 2187730 (/home/user/Documents/spring-security/target/classes started by user in /home/user/Documents/spring-security)
2022-03-06 18:48:22 [main] DEBUG c.e.demo.SpringSecurityApplication -
				Running with Spring Boot v2.6.4, Spring v5.3.16
2022-03-06 18:48:22 [main] INFO  c.e.demo.SpringSecurityApplication -
				No active profile set, falling back to 1 default profile: "default"
2022-03-06 18:48:23 [main] DEBUG c.e.d.config.JwtAthenticationfilter -
				Filter 'jwtAthenticationfilter' configured for use
2022-03-06 18:48:23 [main] INFO  c.e.demo.SpringSecurityApplication -
				Started SpringSecurityApplication in 1.735 seconds (JVM running for 2.242)
2022-03-06 18:48:51 [main] INFO  c.e.demo.SpringSecurityApplication -
				Starting SpringSecurityApplication using Java 17.0.1 on INPNQLT251 with PID 2188179 (/home/user/Documents/spring-security/target/classes started by user in /home/user/Documents/spring-security)
2022-03-06 18:48:51 [main] DEBUG c.e.demo.SpringSecurityApplication -
				Running with Spring Boot v2.6.4, Spring v5.3.16
2022-03-06 18:48:51 [main] INFO  c.e.demo.SpringSecurityApplication -
				No active profile set, falling back to 1 default profile: "default"
2022-03-06 18:48:52 [main] DEBUG c.e.d.config.JwtAthenticationfilter -
				Filter 'jwtAthenticationfilter' configured for use
2022-03-06 18:48:52 [main] INFO  c.e.demo.SpringSecurityApplication -
				Started SpringSecurityApplication in 1.845 seconds (JVM running for 2.315)
2022-03-06 18:50:22 [main] INFO  c.e.demo.SpringSecurityApplication -
				Starting SpringSecurityApplication using Java 17.0.1 on INPNQLT251 with PID 2189424 (/home/user/Documents/spring-security/target/classes started by user in /home/user/Documents/spring-security)
2022-03-06 18:50:22 [main] DEBUG c.e.demo.SpringSecurityApplication -
				Running with Spring Boot v2.6.4, Spring v5.3.16
2022-03-06 18:50:22 [main] INFO  c.e.demo.SpringSecurityApplication -
				No active profile set, falling back to 1 default profile: "default"
2022-03-06 18:50:23 [main] DEBUG c.e.d.config.JwtAthenticationfilter -
				Filter 'jwtAthenticationfilter' configured for use
2022-03-06 18:50:23 [main] INFO  c.e.demo.SpringSecurityApplication -
				Started SpringSecurityApplication in 1.943 seconds (JVM running for 2.434)
2022-03-06 18:51:06 [http-nio-8080-exec-1] WARN  c.e.demo.Controller.JwtController -
				Use proper credential to login 
2022-03-06 18:51:06 [http-nio-8080-exec-1] INFO  c.e.demo.Controller.JwtController -
				Token Accessed
2022-03-06 18:52:16 [main] INFO  c.e.demo.SpringSecurityApplication -
				Starting SpringSecurityApplication using Java 17.0.1 on INPNQLT251 with PID 2190979 (/home/user/Documents/spring-security/target/classes started by user in /home/user/Documents/spring-security)
2022-03-06 18:52:16 [main] DEBUG c.e.demo.SpringSecurityApplication -
				Running with Spring Boot v2.6.4, Spring v5.3.16
2022-03-06 18:52:16 [main] INFO  c.e.demo.SpringSecurityApplication -
				No active profile set, falling back to 1 default profile: "default"
2022-03-06 18:52:17 [main] DEBUG c.e.d.config.JwtAthenticationfilter -
				Filter 'jwtAthenticationfilter' configured for use
2022-03-06 18:52:18 [main] INFO  c.e.demo.SpringSecurityApplication -
				Started SpringSecurityApplication in 1.721 seconds (JVM running for 2.194)
2022-03-06 18:52:45 [http-nio-8080-exec-4] WARN  c.e.demo.Controller.JwtController -
				Use proper credential to login 
2022-03-06 18:52:45 [http-nio-8080-exec-4] INFO  c.e.demo.Controller.JwtController -
				Token Accessed
2022-03-06 18:59:01 [main] INFO  c.e.demo.SpringSecurityApplication -
				Starting SpringSecurityApplication using Java 17.0.1 on INPNQLT251 with PID 2196097 (/home/user/Documents/spring-security/target/classes started by user in /home/user/Documents/spring-security)
2022-03-06 18:59:01 [main] DEBUG c.e.demo.SpringSecurityApplication -
				Running with Spring Boot v2.6.4, Spring v5.3.16
2022-03-06 18:59:01 [main] INFO  c.e.demo.SpringSecurityApplication -
				No active profile set, falling back to 1 default profile: "default"
2022-03-06 18:59:02 [main] DEBUG c.e.d.config.JwtAthenticationfilter -
				Filter 'jwtAthenticationfilter' configured for use
2022-03-06 18:59:03 [main] INFO  c.e.demo.SpringSecurityApplication -
				Started SpringSecurityApplication in 1.75 seconds (JVM running for 2.206)
2022-03-06 20:19:10 [main] INFO  c.e.demo.SpringSecurityApplication -
				Starting SpringSecurityApplication using Java 17.0.1 on INPNQLT251 with PID 2254465 (/home/user/Documents/spring-security/target/classes started by user in /home/user/Documents/spring-security)
2022-03-06 20:19:10 [main] DEBUG c.e.demo.SpringSecurityApplication -
				Running with Spring Boot v2.6.4, Spring v5.3.16
2022-03-06 20:19:10 [main] INFO  c.e.demo.SpringSecurityApplication -
				No active profile set, falling back to 1 default profile: "default"
2022-03-06 20:19:11 [main] DEBUG c.e.d.config.JwtAthenticationfilter -
				Filter 'jwtAthenticationfilter' configured for use
2022-03-06 20:19:12 [main] INFO  c.e.demo.SpringSecurityApplication -
				Started SpringSecurityApplication in 1.902 seconds (JVM running for 2.35)
2022-03-06 20:19:21 [http-nio-8080-exec-2] WARN  c.e.demo.Controller.JwtController -
				Use proper credential to login 
2022-03-06 20:19:21 [http-nio-8080-exec-2] INFO  c.e.demo.Controller.JwtController -
				Token Accessed
2022-03-06 20:20:53 [main] INFO  c.e.demo.SpringSecurityApplication -
				Starting SpringSecurityApplication using Java 17.0.1 on INPNQLT251 with PID 2255941 (/home/user/Documents/spring-security/target/classes started by user in /home/user/Documents/spring-security)
2022-03-06 20:20:53 [main] DEBUG c.e.demo.SpringSecurityApplication -
				Running with Spring Boot v2.6.4, Spring v5.3.16
2022-03-06 20:20:53 [main] INFO  c.e.demo.SpringSecurityApplication -
				No active profile set, falling back to 1 default profile: "default"
2022-03-06 20:20:54 [main] DEBUG c.e.d.config.JwtAthenticationfilter -
				Filter 'jwtAthenticationfilter' configured for use
2022-03-06 20:22:21 [main] INFO  c.e.demo.SpringSecurityApplication -
				Starting SpringSecurityApplication using Java 17.0.1 on INPNQLT251 with PID 2257069 (/home/user/Documents/spring-security/target/classes started by user in /home/user/Documents/spring-security)
2022-03-06 20:22:21 [main] DEBUG c.e.demo.SpringSecurityApplication -
				Running with Spring Boot v2.6.4, Spring v5.3.16
2022-03-06 20:22:21 [main] INFO  c.e.demo.SpringSecurityApplication -
				No active profile set, falling back to 1 default profile: "default"
2022-03-06 20:22:22 [main] DEBUG c.e.d.config.JwtAthenticationfilter -
				Filter 'jwtAthenticationfilter' configured for use
2022-03-06 20:32:29 [main] INFO  c.e.demo.SpringSecurityApplication -
				Starting SpringSecurityApplication using Java 17.0.1 on INPNQLT251 with PID 2264443 (/home/user/Documents/spring-security/target/classes started by user in /home/user/Documents/spring-security)
2022-03-06 20:32:29 [main] DEBUG c.e.demo.SpringSecurityApplication -
				Running with Spring Boot v2.6.4, Spring v5.3.16
2022-03-06 20:32:29 [main] INFO  c.e.demo.SpringSecurityApplication -
				No active profile set, falling back to 1 default profile: "default"
2022-03-06 20:32:30 [main] DEBUG c.e.d.config.JwtAthenticationfilter -
				Filter 'jwtAthenticationfilter' configured for use
2022-03-06 20:32:31 [main] INFO  c.e.demo.SpringSecurityApplication -
				Started SpringSecurityApplication in 1.788 seconds (JVM running for 2.257)
2022-03-06 20:32:36 [http-nio-8080-exec-2] WARN  c.e.demo.Controller.JwtController -
				Use proper credential to login 
2022-03-06 20:32:36 [http-nio-8080-exec-2] INFO  c.e.demo.Controller.JwtController -
				Token Accessed
2022-03-06 20:34:19 [main] INFO  c.e.demo.SpringSecurityApplication -
				Starting SpringSecurityApplication using Java 17.0.1 on INPNQLT251 with PID 2265972 (/home/user/Documents/spring-security/target/classes started by user in /home/user/Documents/spring-security)
2022-03-06 20:34:19 [main] DEBUG c.e.demo.SpringSecurityApplication -
				Running with Spring Boot v2.6.4, Spring v5.3.16
2022-03-06 20:34:19 [main] INFO  c.e.demo.SpringSecurityApplication -
				No active profile set, falling back to 1 default profile: "default"
2022-03-06 20:34:20 [main] DEBUG c.e.d.config.JwtAthenticationfilter -
				Filter 'jwtAthenticationfilter' configured for use
2022-03-06 20:34:21 [main] INFO  c.e.demo.SpringSecurityApplication -
				Started SpringSecurityApplication in 1.765 seconds (JVM running for 2.23)
2022-03-06 20:34:37 [http-nio-8080-exec-3] WARN  c.e.demo.Controller.JwtController -
				Use proper credential to login 
2022-03-06 20:34:37 [http-nio-8080-exec-3] INFO  c.e.demo.Controller.JwtController -
				Token Accessed
2022-03-06 20:35:31 [main] INFO  c.e.demo.SpringSecurityApplication -
				Starting SpringSecurityApplication using Java 17.0.1 on INPNQLT251 with PID 2266961 (/home/user/Documents/spring-security/target/classes started by user in /home/user/Documents/spring-security)
2022-03-06 20:35:31 [main] DEBUG c.e.demo.SpringSecurityApplication -
				Running with Spring Boot v2.6.4, Spring v5.3.16
2022-03-06 20:35:31 [main] INFO  c.e.demo.SpringSecurityApplication -
				No active profile set, falling back to 1 default profile: "default"
2022-03-06 20:35:32 [main] DEBUG c.e.d.config.JwtAthenticationfilter -
				Filter 'jwtAthenticationfilter' configured for use
2022-03-06 20:35:33 [main] INFO  c.e.demo.SpringSecurityApplication -
				Started SpringSecurityApplication in 2.022 seconds (JVM running for 2.511)
2022-03-06 20:35:58 [http-nio-8080-exec-8] WARN  c.e.demo.Controller.JwtController -
				Use proper credential to login 
2022-03-06 20:35:58 [http-nio-8080-exec-8] INFO  c.e.demo.Controller.JwtController -
				Token Accessed
2022-03-06 20:36:24 [http-nio-8080-exec-9] WARN  c.e.demo.Controller.JwtController -
				Use proper credential to login 
2022-03-06 20:36:24 [http-nio-8080-exec-9] INFO  c.e.demo.Controller.JwtController -
				Token Accessed
2022-03-06 20:37:24 [http-nio-8080-exec-5] WARN  c.e.demo.Controller.JwtController -
				Use proper credential to login 
2022-03-06 20:37:24 [http-nio-8080-exec-5] INFO  c.e.demo.Controller.JwtController -
				Token Accessed
2022-03-06 20:38:00 [http-nio-8080-exec-6] DEBUG com.example.demo.Controller.Home -
				login success done
2022-03-06 20:38:00 [http-nio-8080-exec-6] INFO  com.example.demo.Controller.Home -
				Authorization was successful 
